13:42:39.148 [main] INFO  testCases.tc_001_account_registration - **** Started tc_001_account_registration *****
13:42:39.187 [main] INFO  testCases.tc_001_account_registration - clicked on my account
13:42:39.294 [main] INFO  testCases.tc_001_account_registration - clicked on register
13:42:39.972 [main] INFO  testCases.tc_001_account_registration - Entering user data
13:42:40.347 [main] INFO  testCases.tc_001_account_registration - clicked on privacy policy
13:42:40.367 [main] INFO  testCases.tc_001_account_registration - clicked on continue button
13:42:40.569 [main] INFO  testCases.tc_001_account_registration - validating confirmation message
13:42:41.597 [main] INFO  testCases.tc_001_account_registration - ***** Finished tc_001_account_registration *****
14:11:27.245 [main] INFO  testCases.tc_001_account_registration - **** Started tc_001_account_registration *****
14:11:27.280 [main] INFO  testCases.tc_001_account_registration - clicked on my account
14:11:27.361 [main] INFO  testCases.tc_001_account_registration - clicked on register
14:11:27.941 [main] INFO  testCases.tc_001_account_registration - Entering user data
14:11:28.421 [main] INFO  testCases.tc_001_account_registration - clicked on privacy policy
14:11:28.450 [main] INFO  testCases.tc_001_account_registration - clicked on continue button
14:11:28.723 [main] INFO  testCases.tc_001_account_registration - validating confirmation message
14:11:29.404 [main] INFO  testCases.tc_001_account_registration - ***** Finished tc_001_account_registration *****
14:25:00.653 [main] INFO  testCases.tc_001_account_registration - **** Started tc_001_account_registration *****
14:25:00.682 [main] INFO  testCases.tc_001_account_registration - clicked on my account
14:25:00.793 [main] INFO  testCases.tc_001_account_registration - clicked on register
14:25:01.482 [main] INFO  testCases.tc_001_account_registration - Entering user data
14:25:01.942 [main] INFO  testCases.tc_001_account_registration - clicked on privacy policy
14:25:01.973 [main] INFO  testCases.tc_001_account_registration - clicked on continue button
14:25:02.173 [main] INFO  testCases.tc_001_account_registration - validating confirmation message
14:25:02.828 [main] INFO  testCases.tc_001_account_registration - ***** Finished tc_001_account_registration *****
12:24:00.765 [main] INFO  testCases.tc_001_account_registration - **** Started tc_001_account_registration *****
12:24:00.830 [main] INFO  testCases.tc_001_account_registration - clicked on my account
12:24:00.946 [main] INFO  testCases.tc_001_account_registration - clicked on register
12:24:01.734 [main] INFO  testCases.tc_001_account_registration - Entering user data
12:24:02.379 [main] INFO  testCases.tc_001_account_registration - clicked on privacy policy
12:24:02.418 [main] INFO  testCases.tc_001_account_registration - clicked on continue button
12:24:02.618 [main] INFO  testCases.tc_001_account_registration - validating confirmation message
12:24:03.860 [main] INFO  testCases.tc_001_account_registration - ***** Finished tc_001_account_registration *****
12:24:14.628 [main] DEBUG org.apache.poi.openxml4j.opc.PackageRelationshipCollection - Parsing relationship: /xl/_rels/workbook.xml.rels
12:24:14.631 [main] DEBUG org.apache.poi.openxml4j.opc.PackageRelationshipCollection - Parsing relationship: /xl/worksheets/_rels/sheet1.xml.rels
12:24:14.634 [main] DEBUG org.apache.poi.openxml4j.opc.PackageRelationshipCollection - Parsing relationship: /_rels/.rels
12:24:15.442 [main] DEBUG org.apache.poi.openxml4j.opc.PackageRelationshipCollection - Parsing relationship: /xl/_rels/workbook.xml.rels
12:24:15.444 [main] DEBUG org.apache.poi.openxml4j.opc.PackageRelationshipCollection - Parsing relationship: /xl/worksheets/_rels/sheet1.xml.rels
12:24:15.445 [main] DEBUG org.apache.poi.openxml4j.opc.PackageRelationshipCollection - Parsing relationship: /_rels/.rels
12:24:15.487 [main] DEBUG org.apache.poi.openxml4j.opc.PackageRelationshipCollection - Parsing relationship: /xl/_rels/workbook.xml.rels
12:24:15.488 [main] DEBUG org.apache.poi.openxml4j.opc.PackageRelationshipCollection - Parsing relationship: /xl/worksheets/_rels/sheet1.xml.rels
12:24:15.490 [main] DEBUG org.apache.poi.openxml4j.opc.PackageRelationshipCollection - Parsing relationship: /_rels/.rels
12:24:15.536 [main] DEBUG org.apache.poi.openxml4j.opc.PackageRelationshipCollection - Parsing relationship: /xl/_rels/workbook.xml.rels
12:24:15.537 [main] DEBUG org.apache.poi.openxml4j.opc.PackageRelationshipCollection - Parsing relationship: /xl/worksheets/_rels/sheet1.xml.rels
12:24:15.538 [main] DEBUG org.apache.poi.openxml4j.opc.PackageRelationshipCollection - Parsing relationship: /_rels/.rels
12:24:15.570 [main] DEBUG org.apache.poi.openxml4j.opc.PackageRelationshipCollection - Parsing relationship: /xl/_rels/workbook.xml.rels
12:24:15.571 [main] DEBUG org.apache.poi.openxml4j.opc.PackageRelationshipCollection - Parsing relationship: /xl/worksheets/_rels/sheet1.xml.rels
